{"/workspaces/actions-rush/src/constants.js": {"path":"/workspaces/actions-rush/src/constants.js","statementMap":{"0":{"start":{"line":1,"column":14},"end":{"line":4,"column":1}},"1":{"start":{"line":6,"column":15},"end":{"line":10,"column":1}},"2":{"start":{"line":12,"column":15},"end":{"line":12,"column":27}},"3":{"start":{"line":14,"column":19},"end":{"line":14,"column":34}},"4":{"start":{"line":16,"column":18},"end":{"line":16,"column":34}},"5":{"start":{"line":17,"column":20},"end":{"line":20,"column":1}},"6":{"start":{"line":22,"column":0},"end":{"line":29,"column":1}}},"fnMap":{},"branchMap":{},"s":{"0":5,"1":5,"2":5,"3":5,"4":5,"5":5,"6":5},"f":{},"b":{},"_coverageSchema":"1a1c01bbd47fc00a2c39e90264f33305004495a9","hash":"4ee5dd3fd9fcbf154d798bd8990d0dd9a8b337df"}
,"/workspaces/actions-rush/src/restore.js": {"path":"/workspaces/actions-rush/src/restore.js","statementMap":{"0":{"start":{"line":1,"column":14},"end":{"line":1,"column":39}},"1":{"start":{"line":2,"column":13},"end":{"line":2,"column":37}},"2":{"start":{"line":4,"column":51},"end":{"line":4,"column":73}},"3":{"start":{"line":5,"column":14},"end":{"line":5,"column":44}},"4":{"start":{"line":8,"column":2},"end":{"line":47,"column":3}},"5":{"start":{"line":9,"column":4},"end":{"line":13,"column":5}},"6":{"start":{"line":10,"column":6},"end":{"line":10,"column":71}},"7":{"start":{"line":11,"column":6},"end":{"line":11,"column":36}},"8":{"start":{"line":12,"column":6},"end":{"line":12,"column":12}},"9":{"start":{"line":15,"column":4},"end":{"line":18,"column":5}},"10":{"start":{"line":16,"column":6},"end":{"line":16,"column":154}},"11":{"start":{"line":17,"column":6},"end":{"line":17,"column":12}},"12":{"start":{"line":20,"column":23},"end":{"line":20,"column":79}},"13":{"start":{"line":21,"column":4},"end":{"line":21,"column":53}},"14":{"start":{"line":23,"column":4},"end":{"line":44,"column":5}},"15":{"start":{"line":24,"column":23},"end":{"line":24,"column":84}},"16":{"start":{"line":25,"column":6},"end":{"line":30,"column":7}},"17":{"start":{"line":26,"column":8},"end":{"line":26,"column":89}},"18":{"start":{"line":27,"column":8},"end":{"line":27,"column":48}},"19":{"start":{"line":28,"column":8},"end":{"line":28,"column":36}},"20":{"start":{"line":29,"column":8},"end":{"line":29,"column":14}},"21":{"start":{"line":32,"column":6},"end":{"line":32,"column":35}},"22":{"start":{"line":35,"column":6},"end":{"line":35,"column":34}},"23":{"start":{"line":37,"column":6},"end":{"line":37,"column":55}},"24":{"start":{"line":39,"column":6},"end":{"line":43,"column":7}},"25":{"start":{"line":40,"column":8},"end":{"line":40,"column":19}},"26":{"start":{"line":42,"column":8},"end":{"line":42,"column":39}},"27":{"start":{"line":46,"column":4},"end":{"line":46,"column":33}},"28":{"start":{"line":50,"column":0},"end":{"line":50,"column":5}},"29":{"start":{"line":52,"column":0},"end":{"line":52,"column":20}}},"fnMap":{"0":{"name":"run","decl":{"start":{"line":7,"column":15},"end":{"line":7,"column":18}},"loc":{"start":{"line":7,"column":22},"end":{"line":48,"column":1}},"line":7}},"branchMap":{"0":{"loc":{"start":{"line":9,"column":4},"end":{"line":13,"column":5}},"type":"if","locations":[{"start":{"line":9,"column":4},"end":{"line":13,"column":5}},{"start":{"line":9,"column":4},"end":{"line":13,"column":5}}],"line":9},"1":{"loc":{"start":{"line":15,"column":4},"end":{"line":18,"column":5}},"type":"if","locations":[{"start":{"line":15,"column":4},"end":{"line":18,"column":5}},{"start":{"line":15,"column":4},"end":{"line":18,"column":5}}],"line":15},"2":{"loc":{"start":{"line":25,"column":6},"end":{"line":30,"column":7}},"type":"if","locations":[{"start":{"line":25,"column":6},"end":{"line":30,"column":7}},{"start":{"line":25,"column":6},"end":{"line":30,"column":7}}],"line":25},"3":{"loc":{"start":{"line":39,"column":6},"end":{"line":43,"column":7}},"type":"if","locations":[{"start":{"line":39,"column":6},"end":{"line":43,"column":7}},{"start":{"line":39,"column":6},"end":{"line":43,"column":7}}],"line":39}},"s":{"0":1,"1":1,"2":1,"3":1,"4":8,"5":8,"6":1,"7":1,"8":0,"9":7,"10":2,"11":2,"12":5,"13":5,"14":5,"15":5,"16":4,"17":2,"18":2,"19":2,"20":2,"21":2,"22":2,"23":2,"24":1,"25":0,"26":1,"27":1,"28":1,"29":1},"f":{"0":8},"b":{"0":[1,7],"1":[2,5],"2":[2,2],"3":[0,1]},"_coverageSchema":"1a1c01bbd47fc00a2c39e90264f33305004495a9","hash":"a47b1a407dee27bdbb0a7614ffb3b2925845055c"}
,"/workspaces/actions-rush/src/save.js": {"path":"/workspaces/actions-rush/src/save.js","statementMap":{"0":{"start":{"line":1,"column":13},"end":{"line":1,"column":37}},"1":{"start":{"line":2,"column":14},"end":{"line":2,"column":39}},"2":{"start":{"line":4,"column":38},"end":{"line":4,"column":60}},"3":{"start":{"line":5,"column":14},"end":{"line":5,"column":44}},"4":{"start":{"line":8,"column":2},"end":{"line":8,"column":66}},"5":{"start":{"line":9,"column":2},"end":{"line":47,"column":3}},"6":{"start":{"line":10,"column":4},"end":{"line":13,"column":5}},"7":{"start":{"line":11,"column":6},"end":{"line":11,"column":62}},"8":{"start":{"line":12,"column":6},"end":{"line":12,"column":12}},"9":{"start":{"line":15,"column":4},"end":{"line":18,"column":5}},"10":{"start":{"line":16,"column":6},"end":{"line":16,"column":154}},"11":{"start":{"line":17,"column":6},"end":{"line":17,"column":12}},"12":{"start":{"line":20,"column":18},"end":{"line":20,"column":39}},"13":{"start":{"line":22,"column":23},"end":{"line":22,"column":59}},"14":{"start":{"line":23,"column":4},"end":{"line":26,"column":5}},"15":{"start":{"line":24,"column":6},"end":{"line":24,"column":58}},"16":{"start":{"line":25,"column":6},"end":{"line":25,"column":12}},"17":{"start":{"line":28,"column":4},"end":{"line":31,"column":5}},"18":{"start":{"line":29,"column":6},"end":{"line":29,"column":89}},"19":{"start":{"line":30,"column":6},"end":{"line":30,"column":12}},"20":{"start":{"line":33,"column":4},"end":{"line":44,"column":5}},"21":{"start":{"line":34,"column":6},"end":{"line":34,"column":51}},"22":{"start":{"line":35,"column":6},"end":{"line":35,"column":54}},"23":{"start":{"line":37,"column":6},"end":{"line":43,"column":7}},"24":{"start":{"line":38,"column":8},"end":{"line":38,"column":19}},"25":{"start":{"line":39,"column":13},"end":{"line":43,"column":7}},"26":{"start":{"line":40,"column":8},"end":{"line":40,"column":32}},"27":{"start":{"line":42,"column":8},"end":{"line":42,"column":39}},"28":{"start":{"line":46,"column":4},"end":{"line":46,"column":35}},"29":{"start":{"line":50,"column":0},"end":{"line":50,"column":5}},"30":{"start":{"line":52,"column":0},"end":{"line":52,"column":20}}},"fnMap":{"0":{"name":"run","decl":{"start":{"line":7,"column":15},"end":{"line":7,"column":18}},"loc":{"start":{"line":7,"column":22},"end":{"line":48,"column":1}},"line":7}},"branchMap":{"0":{"loc":{"start":{"line":10,"column":4},"end":{"line":13,"column":5}},"type":"if","locations":[{"start":{"line":10,"column":4},"end":{"line":13,"column":5}},{"start":{"line":10,"column":4},"end":{"line":13,"column":5}}],"line":10},"1":{"loc":{"start":{"line":15,"column":4},"end":{"line":18,"column":5}},"type":"if","locations":[{"start":{"line":15,"column":4},"end":{"line":18,"column":5}},{"start":{"line":15,"column":4},"end":{"line":18,"column":5}}],"line":15},"2":{"loc":{"start":{"line":23,"column":4},"end":{"line":26,"column":5}},"type":"if","locations":[{"start":{"line":23,"column":4},"end":{"line":26,"column":5}},{"start":{"line":23,"column":4},"end":{"line":26,"column":5}}],"line":23},"3":{"loc":{"start":{"line":28,"column":4},"end":{"line":31,"column":5}},"type":"if","locations":[{"start":{"line":28,"column":4},"end":{"line":31,"column":5}},{"start":{"line":28,"column":4},"end":{"line":31,"column":5}}],"line":28},"4":{"loc":{"start":{"line":37,"column":6},"end":{"line":43,"column":7}},"type":"if","locations":[{"start":{"line":37,"column":6},"end":{"line":43,"column":7}},{"start":{"line":37,"column":6},"end":{"line":43,"column":7}}],"line":37},"5":{"loc":{"start":{"line":39,"column":13},"end":{"line":43,"column":7}},"type":"if","locations":[{"start":{"line":39,"column":13},"end":{"line":43,"column":7}},{"start":{"line":39,"column":13},"end":{"line":43,"column":7}}],"line":39}},"s":{"0":1,"1":1,"2":1,"3":1,"4":9,"5":9,"6":9,"7":1,"8":1,"9":8,"10":2,"11":2,"12":6,"13":6,"14":6,"15":1,"16":1,"17":5,"18":1,"19":1,"20":4,"21":4,"22":1,"23":3,"24":0,"25":3,"26":1,"27":2,"28":0,"29":1,"30":1},"f":{"0":9},"b":{"0":[1,8],"1":[2,6],"2":[1,5],"3":[1,4],"4":[0,3],"5":[1,2]},"_coverageSchema":"1a1c01bbd47fc00a2c39e90264f33305004495a9","hash":"2d1148583f839a3cd651b2c644bf9ca02afd2174"}
,"/workspaces/actions-rush/src/utils/actionUtils.js": {"path":"/workspaces/actions-rush/src/utils/actionUtils.js","statementMap":{"0":{"start":{"line":1,"column":13},"end":{"line":1,"column":37}},"1":{"start":{"line":2,"column":13},"end":{"line":2,"column":37}},"2":{"start":{"line":3,"column":14},"end":{"line":3,"column":30}},"3":{"start":{"line":5,"column":37},"end":{"line":5,"column":60}},"4":{"start":{"line":8,"column":16},"end":{"line":8,"column":78}},"5":{"start":{"line":9,"column":2},"end":{"line":9,"column":54}},"6":{"start":{"line":13,"column":2},"end":{"line":18,"column":3}},"7":{"start":{"line":22,"column":2},"end":{"line":22,"column":46}},"8":{"start":{"line":26,"column":19},"end":{"line":26,"column":55}},"9":{"start":{"line":27,"column":2},"end":{"line":30,"column":3}},"10":{"start":{"line":28,"column":4},"end":{"line":28,"column":46}},"11":{"start":{"line":29,"column":4},"end":{"line":29,"column":19}},"12":{"start":{"line":32,"column":2},"end":{"line":32,"column":18}},"13":{"start":{"line":36,"column":24},"end":{"line":36,"column":35}},"14":{"start":{"line":37,"column":2},"end":{"line":37,"column":41}},"15":{"start":{"line":41,"column":2},"end":{"line":41,"column":62}},"16":{"start":{"line":45,"column":2},"end":{"line":45,"column":77}},"17":{"start":{"line":49,"column":26},"end":{"line":53,"column":3}},"18":{"start":{"line":55,"column":19},"end":{"line":55,"column":50}},"19":{"start":{"line":56,"column":2},"end":{"line":56,"column":110}},"20":{"start":{"line":56,"column":17},"end":{"line":56,"column":110}},"21":{"start":{"line":57,"column":2},"end":{"line":57,"column":17}},"22":{"start":{"line":61,"column":19},"end":{"line":61,"column":46}},"23":{"start":{"line":62,"column":23},"end":{"line":62,"column":73}},"24":{"start":{"line":63,"column":2},"end":{"line":63,"column":58}},"25":{"start":{"line":66,"column":0},"end":{"line":75,"column":1}}},"fnMap":{"0":{"name":"isGhes","decl":{"start":{"line":7,"column":9},"end":{"line":7,"column":15}},"loc":{"start":{"line":7,"column":19},"end":{"line":10,"column":1}},"line":7},"1":{"name":"isExactKeyMatch","decl":{"start":{"line":12,"column":9},"end":{"line":12,"column":24}},"loc":{"start":{"line":12,"column":41},"end":{"line":19,"column":1}},"line":12},"2":{"name":"setCacheState","decl":{"start":{"line":21,"column":9},"end":{"line":21,"column":22}},"loc":{"start":{"line":21,"column":31},"end":{"line":23,"column":1}},"line":21},"3":{"name":"getCacheState","decl":{"start":{"line":25,"column":9},"end":{"line":25,"column":22}},"loc":{"start":{"line":25,"column":26},"end":{"line":33,"column":1}},"line":25},"4":{"name":"logWarning","decl":{"start":{"line":35,"column":9},"end":{"line":35,"column":19}},"loc":{"start":{"line":35,"column":30},"end":{"line":38,"column":1}},"line":35},"5":{"name":"isValidEvent","decl":{"start":{"line":40,"column":9},"end":{"line":40,"column":21}},"loc":{"start":{"line":40,"column":25},"end":{"line":42,"column":1}},"line":40},"6":{"name":"runRushInstall","decl":{"start":{"line":44,"column":15},"end":{"line":44,"column":29}},"loc":{"start":{"line":44,"column":33},"end":{"line":46,"column":1}},"line":44},"7":{"name":"getLockFile","decl":{"start":{"line":48,"column":9},"end":{"line":48,"column":20}},"loc":{"start":{"line":48,"column":38},"end":{"line":58,"column":1}},"line":48},"8":{"name":"generateCacheKey","decl":{"start":{"line":60,"column":9},"end":{"line":60,"column":25}},"loc":{"start":{"line":60,"column":43},"end":{"line":64,"column":1}},"line":60}},"branchMap":{"0":{"loc":{"start":{"line":8,"column":24},"end":{"line":8,"column":77}},"type":"binary-expr","locations":[{"start":{"line":8,"column":24},"end":{"line":8,"column":53}},{"start":{"line":8,"column":57},"end":{"line":8,"column":77}}],"line":8},"1":{"loc":{"start":{"line":14,"column":4},"end":{"line":17,"column":12}},"type":"binary-expr","locations":[{"start":{"line":14,"column":4},"end":{"line":14,"column":12}},{"start":{"line":15,"column":4},"end":{"line":17,"column":12}}],"line":14},"2":{"loc":{"start":{"line":27,"column":2},"end":{"line":30,"column":3}},"type":"if","locations":[{"start":{"line":27,"column":2},"end":{"line":30,"column":3}},{"start":{"line":27,"column":2},"end":{"line":30,"column":3}}],"line":27},"3":{"loc":{"start":{"line":41,"column":9},"end":{"line":41,"column":62}},"type":"binary-expr","locations":[{"start":{"line":41,"column":9},"end":{"line":41,"column":30}},{"start":{"line":41,"column":34},"end":{"line":41,"column":62}}],"line":41},"4":{"loc":{"start":{"line":56,"column":2},"end":{"line":56,"column":110}},"type":"if","locations":[{"start":{"line":56,"column":2},"end":{"line":56,"column":110}},{"start":{"line":56,"column":2},"end":{"line":56,"column":110}}],"line":56}},"s":{"0":5,"1":5,"2":5,"3":5,"4":1,"5":1,"6":10,"7":0,"8":8,"9":8,"10":7,"11":7,"12":1,"13":1,"14":1,"15":15,"16":0,"17":0,"18":0,"19":0,"20":0,"21":0,"22":0,"23":0,"24":0,"25":5},"f":{"0":1,"1":10,"2":0,"3":8,"4":1,"5":15,"6":0,"7":0,"8":0},"b":{"0":[1,0],"1":[10,8],"2":[7,1],"3":[15,12],"4":[0,0]},"_coverageSchema":"1a1c01bbd47fc00a2c39e90264f33305004495a9","hash":"9293a248938af0a8a22f47a862079a4fcb3d3693"}
}
