TN:
SF:src/constants.js
FNF:0
FNH:0
DA:1,5
DA:6,5
DA:12,5
DA:14,5
DA:16,5
DA:17,5
DA:22,5
LF:7
LH:7
BRF:0
BRH:0
end_of_record
TN:
SF:src/restore.js
FN:7,run
FNF:1
FNH:1
FNDA:8,run
DA:1,1
DA:2,1
DA:4,1
DA:5,1
DA:8,8
DA:9,8
DA:10,1
DA:11,1
DA:12,0
DA:15,7
DA:16,2
DA:17,2
DA:20,5
DA:21,5
DA:23,5
DA:24,5
DA:25,4
DA:26,2
DA:27,2
DA:28,2
DA:29,2
DA:32,2
DA:35,2
DA:37,2
DA:39,1
DA:40,0
DA:42,1
DA:46,1
DA:50,1
DA:52,1
LF:30
LH:28
BRDA:9,0,0,1
BRDA:9,0,1,7
BRDA:15,1,0,2
BRDA:15,1,1,5
BRDA:25,2,0,2
BRDA:25,2,1,2
BRDA:39,3,0,0
BRDA:39,3,1,1
BRF:8
BRH:7
end_of_record
TN:
SF:src/save.js
FN:7,run
FNF:1
FNH:1
FNDA:9,run
DA:1,1
DA:2,1
DA:4,1
DA:5,1
DA:8,9
DA:9,9
DA:10,9
DA:11,1
DA:12,1
DA:15,8
DA:16,2
DA:17,2
DA:20,6
DA:22,6
DA:23,6
DA:24,1
DA:25,1
DA:28,5
DA:29,1
DA:30,1
DA:33,4
DA:34,4
DA:35,1
DA:37,3
DA:38,0
DA:39,3
DA:40,1
DA:42,2
DA:46,0
DA:50,1
DA:52,1
LF:31
LH:29
BRDA:10,0,0,1
BRDA:10,0,1,8
BRDA:15,1,0,2
BRDA:15,1,1,6
BRDA:23,2,0,1
BRDA:23,2,1,5
BRDA:28,3,0,1
BRDA:28,3,1,4
BRDA:37,4,0,0
BRDA:37,4,1,3
BRDA:39,5,0,1
BRDA:39,5,1,2
BRF:12
BRH:11
end_of_record
TN:
SF:src/utils/actionUtils.js
FN:7,isGhes
FN:12,isExactKeyMatch
FN:21,setCacheState
FN:25,getCacheState
FN:35,logWarning
FN:40,isValidEvent
FN:44,runRushInstall
FN:48,getLockFile
FN:60,generateCacheKey
FNF:9
FNH:5
FNDA:1,isGhes
FNDA:10,isExactKeyMatch
FNDA:0,setCacheState
FNDA:8,getCacheState
FNDA:1,logWarning
FNDA:15,isValidEvent
FNDA:0,runRushInstall
FNDA:0,getLockFile
FNDA:0,generateCacheKey
DA:1,5
DA:2,5
DA:3,5
DA:5,5
DA:8,1
DA:9,1
DA:13,10
DA:22,0
DA:26,8
DA:27,8
DA:28,7
DA:29,7
DA:32,1
DA:36,1
DA:37,1
DA:41,15
DA:45,0
DA:49,0
DA:55,0
DA:56,0
DA:57,0
DA:61,0
DA:62,0
DA:63,0
DA:66,5
LF:25
LH:16
BRDA:8,0,0,1
BRDA:8,0,1,0
BRDA:14,1,0,10
BRDA:14,1,1,8
BRDA:27,2,0,7
BRDA:27,2,1,1
BRDA:41,3,0,15
BRDA:41,3,1,12
BRDA:56,4,0,0
BRDA:56,4,1,0
BRF:10
BRH:7
end_of_record
